TN:
SF:src\modules\appointements\services\CreateAppointmentService.ts
FN:40,__decorate
FN:40,__metadata
FN:40,__param
FN:40,__awaiter
FN:40,adopt
FN:40,fulfilled
FN:40,rejected
FN:40,step
FN:40,__generator
FN:40,sent
FN:40,g.<computed>
FN:40,verb
FN:40,step
FN:40,__importDefault
FN:15,CreaAppointmentServices
FN:20,CreaAppointmentServices.execute
FNF:16
FNH:14
FNDA:1,__decorate
FNDA:1,__metadata
FNDA:1,__param
FNDA:3,__awaiter
FNDA:5,adopt
FNDA:5,fulfilled
FNDA:0,rejected
FNDA:7,step
FNDA:3,__generator
FNDA:5,sent
FNDA:0,g.<computed>
FNDA:9,verb
FNDA:8,step
FNDA:1,__importDefault
FNDA:2,CreaAppointmentServices
FNDA:3,CreaAppointmentServices.execute
DA:1,1
DA:2,1
DA:3,1
DA:4,1
DA:5,1
DA:6,1
DA:7,1
DA:8,1
DA:9,1
DA:10,1
DA:11,1
DA:12,1
DA:13,1
DA:14,1
DA:15,1
DA:16,2
DA:17,2
DA:18,2
DA:19,1
DA:20,1
DA:21,3
DA:22,3
DA:23,3
DA:24,3
DA:25,3
DA:26,3
DA:27,3
DA:28,1
DA:29,1
DA:30,2
DA:31,2
DA:32,2
DA:33,2
DA:34,2
DA:35,3
DA:36,3
DA:37,3
DA:38,1
DA:39,1
DA:40,1
LF:40
LH:40
BRDA:40,0,0,1
BRDA:40,1,0,1
BRDA:40,2,0,0
BRDA:40,3,0,0
BRDA:40,4,0,0
BRDA:40,5,0,0
BRDA:40,6,0,1
BRDA:40,7,0,1
BRDA:40,8,0,1
BRDA:40,9,0,3
BRDA:40,10,0,5
BRDA:40,11,0,0
BRDA:40,12,0,3
BRDA:40,13,0,5
BRDA:40,14,0,1
BRDA:40,15,0,7
BRDA:40,16,0,2
BRDA:40,17,0,5
BRDA:40,18,0,3
BRDA:40,19,0,5
BRDA:40,20,0,0
BRDA:40,21,0,9
BRDA:40,22,0,8
BRDA:40,23,0,8
BRDA:40,24,0,0
BRDA:40,25,0,16
BRDA:40,26,0,0
BRDA:40,27,0,0
BRDA:40,28,0,0
BRDA:40,29,0,0
BRDA:40,30,0,8
BRDA:40,31,0,8
BRDA:40,32,0,5
BRDA:40,33,0,0
BRDA:40,34,0,0
BRDA:40,35,0,3
BRDA:40,36,0,0
BRDA:40,37,0,2
BRDA:40,38,0,0
BRDA:40,39,0,0
BRDA:40,40,0,0
BRDA:40,41,0,0
BRDA:40,42,0,8
BRDA:40,43,0,1
BRDA:40,44,0,8
BRDA:40,45,0,3
BRDA:40,46,0,1
BRDA:40,47,0,2
BRDA:40,48,0,0
BRDA:40,49,0,1
BRDA:40,50,0,0
BRDA:14,51,0,1
BRDA:15,52,0,2
BRDA:20,53,0,3
BRDA:40,54,0,3
BRDA:40,55,0,8
BRDA:40,56,0,3
BRDA:40,57,0,3
BRDA:27,58,0,1
BRDA:29,59,0,2
BRDA:40,60,0,2
BRF:61
BRH:41
end_of_record
TN:
SF:src\modules\users\services\AuthenticateUserService.ts
FN:60,__decorate
FN:60,__metadata
FN:60,__param
FN:60,__awaiter
FN:60,adopt
FN:60,fulfilled
FN:60,rejected
FN:60,step
FN:60,__generator
FN:60,sent
FN:60,g.<computed>
FN:60,verb
FN:60,step
FN:60,__importDefault
FN:23,AuthenticateUserService
FN:31,AuthenticateUserService.execute
FNF:16
FNH:14
FNDA:1,__decorate
FNDA:1,__metadata
FNDA:2,__param
FNDA:3,__awaiter
FNDA:5,adopt
FNDA:5,fulfilled
FNDA:0,rejected
FNDA:6,step
FNDA:3,__generator
FNDA:5,sent
FNDA:0,g.<computed>
FNDA:9,verb
FNDA:8,step
FNDA:2,__importDefault
FNDA:3,AuthenticateUserService
FNDA:3,AuthenticateUserService.execute
DA:1,1
DA:2,1
DA:3,1
DA:4,1
DA:5,1
DA:6,1
DA:7,1
DA:8,1
DA:9,1
DA:10,1
DA:11,1
DA:12,1
DA:13,1
DA:14,1
DA:15,1
DA:16,1
DA:17,1
DA:18,1
DA:19,1
DA:20,1
DA:21,1
DA:22,1
DA:23,1
DA:24,3
DA:25,3
DA:26,3
DA:27,3
DA:28,3
DA:29,3
DA:30,1
DA:31,1
DA:32,3
DA:33,3
DA:34,3
DA:35,1
DA:36,1
DA:37,2
DA:38,2
DA:39,2
DA:40,2
DA:41,2
DA:42,3
DA:43,3
DA:44,1
DA:45,1
DA:46,1
DA:47,1
DA:48,1
DA:49,1
DA:50,1
DA:51,1
DA:52,1
DA:53,1
DA:54,1
DA:55,1
DA:56,1
DA:57,3
DA:58,1
DA:59,1
DA:60,1
LF:60
LH:60
BRDA:60,0,0,1
BRDA:60,1,0,1
BRDA:60,2,0,0
BRDA:60,3,0,0
BRDA:60,4,0,0
BRDA:60,5,0,0
BRDA:60,6,0,1
BRDA:60,7,0,2
BRDA:60,8,0,2
BRDA:60,9,0,3
BRDA:60,10,0,5
BRDA:60,11,0,0
BRDA:60,12,0,3
BRDA:60,13,0,5
BRDA:60,14,0,2
BRDA:60,15,0,6
BRDA:60,16,0,1
BRDA:60,17,0,5
BRDA:60,18,0,3
BRDA:60,19,0,5
BRDA:60,20,0,0
BRDA:60,21,0,9
BRDA:60,22,0,8
BRDA:60,23,0,8
BRDA:60,24,0,0
BRDA:60,25,0,16
BRDA:60,26,0,0
BRDA:60,27,0,0
BRDA:60,28,0,0
BRDA:60,29,0,0
BRDA:60,30,0,8
BRDA:60,31,0,8
BRDA:60,32,0,5
BRDA:60,33,0,0
BRDA:60,34,0,0
BRDA:60,35,0,3
BRDA:60,36,0,0
BRDA:60,37,0,1
BRDA:60,38,0,0
BRDA:60,39,0,0
BRDA:60,40,0,0
BRDA:60,41,0,0
BRDA:60,42,0,8
BRDA:60,43,0,2
BRDA:60,44,0,8
BRDA:60,45,0,3
BRDA:60,46,0,2
BRDA:60,47,0,1
BRDA:60,48,0,0
BRDA:60,49,0,2
BRDA:60,50,0,0
BRDA:22,51,0,1
BRDA:23,52,0,3
BRDA:31,53,0,3
BRDA:60,54,0,3
BRDA:60,55,0,8
BRDA:32,56,0,3
BRDA:60,57,0,3
BRDA:34,58,0,1
BRDA:36,59,0,2
BRDA:60,60,0,2
BRDA:43,61,0,1
BRF:62
BRH:42
end_of_record
TN:
SF:src\modules\users\services\CreateUserService.ts
FN:42,__decorate
FN:42,__metadata
FN:42,__param
FN:42,__awaiter
FN:42,adopt
FN:42,fulfilled
FN:42,rejected
FN:42,step
FN:42,__generator
FN:42,sent
FN:42,g.<computed>
FN:42,verb
FN:42,step
FN:42,__importDefault
FN:15,CreaUserServices
FN:23,CreaUserServices.execute
FNF:16
FNH:14
FNDA:2,__decorate
FNDA:2,__metadata
FNDA:4,__param
FNDA:5,__awaiter
FNDA:13,adopt
FNDA:13,fulfilled
FNDA:0,rejected
FNDA:17,step
FNDA:5,__generator
FNDA:13,sent
FNDA:0,g.<computed>
FNDA:15,verb
FNDA:18,step
FNDA:2,__importDefault
FNDA:4,CreaUserServices
FNDA:5,CreaUserServices.execute
DA:1,1
DA:2,1
DA:3,1
DA:4,1
DA:5,1
DA:6,1
DA:7,1
DA:8,1
DA:9,1
DA:10,1
DA:11,1
DA:12,1
DA:13,1
DA:14,2
DA:15,2
DA:16,4
DA:17,4
DA:18,4
DA:19,4
DA:20,4
DA:21,4
DA:22,2
DA:23,2
DA:24,5
DA:25,5
DA:26,5
DA:27,1
DA:28,1
DA:29,4
DA:30,4
DA:31,5
DA:32,5
DA:33,5
DA:34,5
DA:35,5
DA:36,5
DA:37,5
DA:38,5
DA:39,5
DA:40,2
DA:41,1
DA:42,1
LF:42
LH:42
BRDA:42,0,0,2
BRDA:42,1,0,2
BRDA:42,2,0,0
BRDA:42,3,0,0
BRDA:42,4,0,0
BRDA:42,5,0,0
BRDA:42,6,0,2
BRDA:42,7,0,4
BRDA:42,8,0,4
BRDA:42,9,0,5
BRDA:42,10,0,13
BRDA:42,11,0,0
BRDA:42,12,0,5
BRDA:42,13,0,13
BRDA:42,14,0,1
BRDA:42,15,0,17
BRDA:42,16,0,4
BRDA:42,17,0,13
BRDA:42,18,0,5
BRDA:42,19,0,13
BRDA:42,20,0,0
BRDA:42,21,0,15
BRDA:42,22,0,18
BRDA:42,23,0,18
BRDA:42,24,0,0
BRDA:42,25,0,36
BRDA:42,26,0,0
BRDA:42,27,0,0
BRDA:42,28,0,0
BRDA:42,29,0,0
BRDA:42,30,0,18
BRDA:42,31,0,18
BRDA:42,32,0,13
BRDA:42,33,0,0
BRDA:42,34,0,0
BRDA:42,35,0,5
BRDA:42,36,0,0
BRDA:42,37,0,4
BRDA:42,38,0,0
BRDA:42,39,0,0
BRDA:42,40,0,0
BRDA:42,41,0,0
BRDA:42,42,0,18
BRDA:42,43,0,1
BRDA:42,44,0,18
BRDA:42,45,0,5
BRDA:42,46,0,1
BRDA:42,47,0,4
BRDA:42,48,0,0
BRDA:42,49,0,2
BRDA:42,50,0,0
BRDA:14,51,0,2
BRDA:15,52,0,4
BRDA:23,53,0,5
BRDA:42,54,0,5
BRDA:42,55,0,18
BRDA:24,56,0,5
BRDA:42,57,0,5
BRDA:26,58,0,1
BRDA:28,59,0,4
BRDA:42,60,0,4
BRDA:42,61,0,4
BRF:62
BRH:42
end_of_record
TN:
SF:src\modules\users\services\ResetPasswordService.ts
FN:54,__decorate
FN:54,__metadata
FN:54,__param
FN:54,__awaiter
FN:54,adopt
FN:54,fulfilled
FN:54,rejected
FN:54,step
FN:54,__generator
FN:54,sent
FN:54,g.<computed>
FN:54,verb
FN:54,step
FN:54,__importDefault
FN:17,ResetPasswordService
FN:28,ResetPasswordService.execute
FNF:16
FNH:14
FNDA:1,__decorate
FNDA:1,__metadata
FNDA:3,__param
FNDA:4,__awaiter
FNDA:9,adopt
FNDA:9,fulfilled
FNDA:0,rejected
FNDA:10,step
FNDA:4,__generator
FNDA:9,sent
FNDA:0,g.<computed>
FNDA:12,verb
FNDA:13,step
FNDA:1,__importDefault
FNDA:4,ResetPasswordService
FNDA:4,ResetPasswordService.execute
DA:1,1
DA:2,1
DA:3,1
DA:4,1
DA:5,1
DA:6,1
DA:7,1
DA:8,1
DA:9,1
DA:10,1
DA:11,1
DA:12,1
DA:13,1
DA:14,1
DA:15,1
DA:16,1
DA:17,1
DA:18,4
DA:19,4
DA:20,4
DA:21,4
DA:22,4
DA:23,4
DA:24,4
DA:25,4
DA:26,4
DA:27,1
DA:28,1
DA:29,4
DA:30,4
DA:31,4
DA:32,1
DA:33,1
DA:34,3
DA:35,3
DA:36,4
DA:37,4
DA:38,1
DA:39,1
DA:40,2
DA:41,2
DA:42,2
DA:43,2
DA:44,4
DA:45,1
DA:46,1
DA:47,1
DA:48,1
DA:49,4
DA:50,4
DA:51,4
DA:52,1
DA:53,1
DA:54,1
LF:54
LH:54
BRDA:54,0,0,1
BRDA:54,1,0,1
BRDA:54,2,0,0
BRDA:54,3,0,0
BRDA:54,4,0,0
BRDA:54,5,0,0
BRDA:54,6,0,1
BRDA:54,7,0,3
BRDA:54,8,0,3
BRDA:54,9,0,4
BRDA:54,10,0,9
BRDA:54,11,0,0
BRDA:54,12,0,4
BRDA:54,13,0,9
BRDA:54,14,0,3
BRDA:54,15,0,10
BRDA:54,16,0,1
BRDA:54,17,0,9
BRDA:54,18,0,4
BRDA:54,19,0,9
BRDA:54,20,0,0
BRDA:54,21,0,12
BRDA:54,22,0,13
BRDA:54,23,0,13
BRDA:54,24,0,0
BRDA:54,25,0,26
BRDA:54,26,0,0
BRDA:54,27,0,0
BRDA:54,28,0,0
BRDA:54,29,0,0
BRDA:54,30,0,13
BRDA:54,31,0,13
BRDA:54,32,0,9
BRDA:54,33,0,0
BRDA:54,34,0,0
BRDA:54,35,0,4
BRDA:54,36,0,0
BRDA:54,37,0,1
BRDA:54,38,0,0
BRDA:54,39,0,0
BRDA:54,40,0,0
BRDA:54,41,0,0
BRDA:54,42,0,13
BRDA:54,43,0,3
BRDA:54,44,0,13
BRDA:54,45,0,4
BRDA:54,46,0,3
BRDA:54,47,0,1
BRDA:54,48,0,0
BRDA:54,49,0,1
BRDA:54,50,0,0
BRDA:16,51,0,1
BRDA:17,52,0,4
BRDA:28,53,0,4
BRDA:54,54,0,4
BRDA:54,55,0,13
BRDA:29,56,0,4
BRDA:54,57,0,4
BRDA:31,58,0,1
BRDA:33,59,0,3
BRDA:54,60,0,3
BRDA:37,61,0,1
BRDA:39,62,0,2
BRDA:44,63,0,1
BRDA:54,64,0,1
BRDA:54,65,0,1
BRF:66
BRH:46
end_of_record
TN:
SF:src\modules\users\services\SendForgotPasswordEmailService.ts
FN:40,__decorate
FN:40,__metadata
FN:40,__param
FN:40,__awaiter
FN:40,adopt
FN:40,fulfilled
FN:40,rejected
FN:40,step
FN:40,__generator
FN:40,sent
FN:40,g.<computed>
FN:40,verb
FN:40,step
FN:40,__importDefault
FN:13,SendForgotPasswordEmailService
FN:24,SendForgotPasswordEmailService.execute
FNF:16
FNH:14
FNDA:1,__decorate
FNDA:1,__metadata
FNDA:3,__param
FNDA:3,__awaiter
FNDA:5,adopt
FNDA:5,fulfilled
FNDA:0,rejected
FNDA:7,step
FNDA:3,__generator
FNDA:5,sent
FNDA:0,g.<computed>
FNDA:9,verb
FNDA:8,step
FNDA:1,__importDefault
FNDA:3,SendForgotPasswordEmailService
FNDA:3,SendForgotPasswordEmailService.execute
DA:1,1
DA:2,1
DA:3,1
DA:4,1
DA:5,1
DA:6,1
DA:7,1
DA:8,1
DA:9,1
DA:10,1
DA:11,1
DA:12,1
DA:13,1
DA:14,3
DA:15,3
DA:16,3
DA:17,3
DA:18,3
DA:19,3
DA:20,3
DA:21,3
DA:22,3
DA:23,1
DA:24,1
DA:25,3
DA:26,3
DA:27,3
DA:28,1
DA:29,1
DA:30,2
DA:31,2
DA:32,3
DA:33,3
DA:34,3
DA:35,3
DA:36,3
DA:37,3
DA:38,1
DA:39,1
DA:40,1
LF:40
LH:40
BRDA:40,0,0,1
BRDA:40,1,0,1
BRDA:40,2,0,0
BRDA:40,3,0,0
BRDA:40,4,0,0
BRDA:40,5,0,0
BRDA:40,6,0,1
BRDA:40,7,0,3
BRDA:40,8,0,3
BRDA:40,9,0,3
BRDA:40,10,0,5
BRDA:40,11,0,0
BRDA:40,12,0,3
BRDA:40,13,0,5
BRDA:40,14,0,1
BRDA:40,15,0,7
BRDA:40,16,0,2
BRDA:40,17,0,5
BRDA:40,18,0,3
BRDA:40,19,0,5
BRDA:40,20,0,0
BRDA:40,21,0,9
BRDA:40,22,0,8
BRDA:40,23,0,8
BRDA:40,24,0,0
BRDA:40,25,0,16
BRDA:40,26,0,0
BRDA:40,27,0,0
BRDA:40,28,0,0
BRDA:40,29,0,0
BRDA:40,30,0,8
BRDA:40,31,0,8
BRDA:40,32,0,5
BRDA:40,33,0,0
BRDA:40,34,0,0
BRDA:40,35,0,3
BRDA:40,36,0,0
BRDA:40,37,0,2
BRDA:40,38,0,0
BRDA:40,39,0,0
BRDA:40,40,0,0
BRDA:40,41,0,0
BRDA:40,42,0,8
BRDA:40,43,0,1
BRDA:40,44,0,8
BRDA:40,45,0,3
BRDA:40,46,0,1
BRDA:40,47,0,2
BRDA:40,48,0,0
BRDA:40,49,0,1
BRDA:40,50,0,0
BRDA:12,51,0,1
BRDA:13,52,0,3
BRDA:24,53,0,3
BRDA:40,54,0,3
BRDA:40,55,0,8
BRDA:25,56,0,3
BRDA:40,57,0,3
BRDA:27,58,0,1
BRDA:29,59,0,2
BRDA:40,60,0,2
BRF:61
BRH:41
end_of_record
TN:
SF:src\modules\users\services\UpdateUserAvatarService.ts
FN:47,__decorate
FN:47,__metadata
FN:47,__param
FN:47,__awaiter
FN:47,adopt
FN:47,fulfilled
FN:47,rejected
FN:47,step
FN:47,__generator
FN:47,sent
FN:47,g.<computed>
FN:47,verb
FN:47,step
FN:47,__importDefault
FN:18,UpdateUserAvatarService
FN:26,UpdateUserAvatarService.execute
FNF:16
FNH:14
FNDA:1,__decorate
FNDA:1,__metadata
FNDA:2,__param
FNDA:4,__awaiter
FNDA:11,adopt
FNDA:11,fulfilled
FNDA:0,rejected
FNDA:14,step
FNDA:4,__generator
FNDA:11,sent
FNDA:0,g.<computed>
FNDA:12,verb
FNDA:15,step
FNDA:1,__importDefault
FNDA:3,UpdateUserAvatarService
FNDA:4,UpdateUserAvatarService.execute
DA:1,1
DA:2,1
DA:3,1
DA:4,1
DA:5,1
DA:6,1
DA:7,1
DA:8,1
DA:9,1
DA:10,1
DA:11,1
DA:12,1
DA:13,1
DA:14,1
DA:15,1
DA:16,1
DA:17,1
DA:18,1
DA:19,3
DA:20,3
DA:21,3
DA:22,3
DA:23,3
DA:24,3
DA:25,1
DA:26,1
DA:27,4
DA:28,4
DA:29,4
DA:30,1
DA:31,1
DA:32,3
DA:33,3
DA:34,1
DA:35,4
DA:36,4
DA:37,4
DA:38,4
DA:39,4
DA:40,4
DA:41,4
DA:42,4
DA:43,4
DA:44,4
DA:45,1
DA:46,1
DA:47,1
LF:47
LH:47
BRDA:47,0,0,1
BRDA:47,1,0,1
BRDA:47,2,0,0
BRDA:47,3,0,0
BRDA:47,4,0,0
BRDA:47,5,0,0
BRDA:47,6,0,1
BRDA:47,7,0,2
BRDA:47,8,0,2
BRDA:47,9,0,4
BRDA:47,10,0,11
BRDA:47,11,0,0
BRDA:47,12,0,4
BRDA:47,13,0,11
BRDA:47,14,0,1
BRDA:47,15,0,14
BRDA:47,16,0,3
BRDA:47,17,0,11
BRDA:47,18,0,4
BRDA:47,19,0,11
BRDA:47,20,0,0
BRDA:47,21,0,12
BRDA:47,22,0,15
BRDA:47,23,0,15
BRDA:47,24,0,0
BRDA:47,25,0,32
BRDA:47,26,0,0
BRDA:47,27,0,0
BRDA:47,28,0,0
BRDA:47,29,0,0
BRDA:47,30,0,15
BRDA:47,31,0,15
BRDA:47,32,0,11
BRDA:47,33,0,0
BRDA:47,34,0,0
BRDA:47,35,0,6
BRDA:47,36,0,0
BRDA:47,37,0,5
BRDA:47,38,0,4
BRDA:47,39,0,2
BRDA:47,40,0,0
BRDA:47,41,0,2
BRDA:47,42,0,0
BRDA:47,43,0,0
BRDA:47,44,0,0
BRDA:47,45,0,17
BRDA:47,46,0,1
BRDA:47,47,0,17
BRDA:47,48,0,4
BRDA:47,49,0,1
BRDA:47,50,0,3
BRDA:47,51,0,0
BRDA:47,52,0,1
BRDA:47,53,0,0
BRDA:17,54,0,1
BRDA:18,55,0,3
BRDA:26,56,0,4
BRDA:47,57,0,4
BRDA:47,58,0,17
BRDA:27,59,0,4
BRDA:47,60,0,4
BRDA:29,61,0,1
BRDA:31,62,0,3
BRDA:33,63,0,2
BRDA:33,64,0,1
BRDA:47,65,0,1
BRDA:37,66,0,3
BRDA:47,67,0,3
BRDA:47,68,0,3
BRF:69
BRH:49
end_of_record
